[GIN-debug] [WARNING] Creating an Engine instance with the Logger and Recovery middleware already attached.

[GIN-debug] [WARNING] Running in "debug" mode. Switch to "release" mode in production.
 - using env:	export GIN_MODE=release
 - using code:	gin.SetMode(gin.ReleaseMode)

[GIN-debug] GET    /static/*filepath         --> github.com/gin-gonic/gin.(*RouterGroup).createStaticHandler.func1 (6 handlers)
[GIN-debug] HEAD   /static/*filepath         --> github.com/gin-gonic/gin.(*RouterGroup).createStaticHandler.func1 (6 handlers)
[GIN-debug] GET    /                         --> main.SrvGin.func1 (6 handlers)
[GIN-debug] POST   /                         --> main.SrvGin.func2 (6 handlers)
[GIN-debug] POST   /Login                    --> main.Login (6 handlers)
[GIN-debug] POST   /Registry                 --> main.Registry (6 handlers)
[GIN-debug] POST   /EditUser                 --> main.EditUser (6 handlers)
[GIN-debug] POST   /EditApi                  --> main.EditApi (6 handlers)
[GIN-debug] POST   /EditSrv                  --> main.EditSrv (6 handlers)
[GIN-debug] POST   /EditRole                 --> main.EditRole (6 handlers)
[GIN-debug] POST   /EditUserGroup            --> main.EditUserGroup (6 handlers)
[GIN-debug] POST   /EditMenu                 --> main.EditMenu (6 handlers)
[GIN-debug] POST   /EditTree                 --> main.EditTree (6 handlers)
[GIN-debug] POST   /DelApi                   --> main.DelApi (6 handlers)
[GIN-debug] POST   /DelSrv                   --> main.DelSrv (6 handlers)
[GIN-debug] POST   /DelRole                  --> main.DelRole (6 handlers)
[GIN-debug] POST   /DelUserGroup             --> main.DelUserGroup (6 handlers)
[GIN-debug] POST   /DelMenu                  --> main.DelMenu (6 handlers)
[GIN-debug] POST   /DelTree                  --> main.DelTree (6 handlers)
[GIN-debug] POST   /ChangePassword           --> main.ChangePassword (6 handlers)
[GIN-debug] POST   /UserInfoList             --> main.UserInfoList (6 handlers)
[GIN-debug] POST   /RoleList                 --> main.RoleList (6 handlers)
[GIN-debug] POST   /TreeList                 --> main.TreeList (6 handlers)
[GIN-debug] POST   /ApiList                  --> main.ApiList (6 handlers)
[GIN-debug] POST   /SrvList                  --> main.SrvList (6 handlers)
[GIN-debug] POST   /MenuList                 --> main.MenuList (6 handlers)
[GIN-debug] POST   /UserGroupList            --> main.UserGroupList (6 handlers)
[GIN-debug] POST   /EditShop                 --> main.EditShop (6 handlers)
[GIN-debug] POST   /DelShop                  --> main.DelShop (6 handlers)
[GIN-debug] POST   /ShopList                 --> main.ShopList (6 handlers)
[GIN] 2020/10/23 - 17:19:49 | 400 |           6ms |             ::1 | POST     "/UserInfoList"
[GIN] 2020/10/23 - 17:19:53 | 200 |    118.0015ms |             ::1 | POST     "/Login"
[GIN] 2020/10/23 - 17:20:03 | 200 |     15.0015ms |             ::1 | POST     "/UserInfoList"
[GIN] 2020/10/23 - 17:20:09 | 200 |     19.9986ms |             ::1 | POST     "/Login"
[GIN] 2020/10/23 - 17:20:11 | 400 |      5.0014ms |             ::1 | POST     "/UserInfoList"
[GIN] 2020/10/23 - 17:20:30 | 204 |            0s |             ::1 | OPTIONS  "/Login"
[GIN] 2020/10/23 - 17:20:30 | 200 |     18.0002ms |             ::1 | POST     "/Login"
[GIN] 2020/10/23 - 17:20:56 | 204 |            0s |             ::1 | OPTIONS  "/Login"
[GIN] 2020/10/23 - 17:20:57 | 200 |    120.0002ms |             ::1 | POST     "/Login"
